Using pre-set license

 COMMAND LINE ARGUMENTS:
/Applications/Unity/Hub/Editor/2020.2.0f1/Unity.app/Contents/MacOS/Unity
-adb2
-batchMode
-noUpm
-name
AssetImportWorker0
-projectPath
/Users/mikhailsyasko/Downloads/Telegram Desktop/ElectromagneticFields
-logFile
Logs/AssetImportWorker0.log
-srvPort
65387
Successfully changed project path to: /Users/mikhailsyasko/Downloads/Telegram Desktop/ElectromagneticFields
/Users/mikhailsyasko/Downloads/Telegram Desktop/ElectromagneticFields
Using Asset Import Pipeline V2.
Refreshing native plugins compatible for Editor in 118.99 ms, found 1 plugins.
Preloading 0 native plugins for Editor in 0.00 ms.
Initialize engine version: 2020.2.0f1 (3721df5a8b28)
[Subsystems] Discovering subsystems at path /Applications/Unity/Hub/Editor/2020.2.0f1/Unity.app/Contents/Resources/UnitySubsystems
[Subsystems] Discovering subsystems at path /Users/mikhailsyasko/Downloads/Telegram Desktop/ElectromagneticFields/Assets
GfxDevice: creating device client; threaded=0
2021-05-18 19:06:02.247 Unity[65821:7144852] Color LCD preferred device: Intel(R) Iris(TM) Plus Graphics 640 (low power)
2021-05-18 19:06:02.247 Unity[65821:7144852] Metal devices available: 1
2021-05-18 19:06:02.247 Unity[65821:7144852] 0: Intel(R) Iris(TM) Plus Graphics 640 (low power)
2021-05-18 19:06:02.247 Unity[65821:7144852] Using device Intel(R) Iris(TM) Plus Graphics 640 (low power)
Initializing Metal device caps: Intel(R) Iris(TM) Plus Graphics 640
Initialize mono
Mono path[0] = '/Applications/Unity/Hub/Editor/2020.2.0f1/Unity.app/Contents/Managed'
Mono path[1] = '/Applications/Unity/Hub/Editor/2020.2.0f1/Unity.app/Contents/MonoBleedingEdge/lib/mono/unityjit'
Mono config path = '/Applications/Unity/Hub/Editor/2020.2.0f1/Unity.app/Contents/MonoBleedingEdge/etc'
Using monoOptions --debugger-agent=transport=dt_socket,embedding=1,server=y,suspend=n,address=127.0.0.1:56821
Begin MonoManager ReloadAssembly
Registering precompiled unity dll's ...
Register platform support module: /Applications/Unity/Hub/Editor/2020.2.0f1/Unity.app/Contents/PlaybackEngines/MacStandaloneSupport/UnityEditor.OSXStandalone.Extensions.dll
Register platform support module: /Applications/Unity/Hub/Editor/2020.2.0f1/PlaybackEngines/WindowsStandaloneSupport/UnityEditor.WindowsStandalone.Extensions.dll
Registered in 0.004010 seconds.
Native extension for WindowsStandalone target not found
Native extension for OSXStandalone target not found
Refreshing native plugins compatible for Editor in 44.90 ms, found 1 plugins.
Preloading 0 native plugins for Editor in 0.00 ms.
Invoked RoslynAnalysisRunner static constructor.
RoslynAnalysisRunner will not be running.
RoslynAnalysisRunner has terminated.
Mono: successfully reloaded assembly
- Completed reload, in  2.725 seconds
Platform modules already initialized, skipping
Registering precompiled user dll's ...
Registered in 0.017932 seconds.
Begin MonoManager ReloadAssembly
Native extension for WindowsStandalone target not found
Native extension for OSXStandalone target not found
Refreshing native plugins compatible for Editor in 1.39 ms, found 1 plugins.
Preloading 0 native plugins for Editor in 0.00 ms.
Invoked RoslynAnalysisRunner static constructor.
RoslynAnalysisRunner will not be running.
RoslynAnalysisRunner has terminated.
Mono: successfully reloaded assembly
- Completed reload, in  4.828 seconds
Platform modules already initialized, skipping
========================================================================
Worker process is ready to serve import requests
Launching external process: /Applications/Unity/Hub/Editor/2020.2.0f1/Unity.app/Contents/Tools/UnityShaderCompiler
Launched and connected shader compiler UnityShaderCompiler after 0.05 seconds
Refreshing native plugins compatible for Editor in 1.00 ms, found 1 plugins.
Preloading 0 native plugins for Editor in 0.00 ms.
Unloading 1843 Unused Serialized files (Serialized files now loaded: 0)
System memory in use before: 160.3 MB.
System memory in use after: 160.3 MB.

Unloading 45 unused Assets to reduce memory usage. Loaded Objects now: 2285.
Total: 15.460035 ms (FindLiveObjects: 1.169059 ms CreateObjectMapping: 0.575112 ms MarkObjects: 13.637905 ms  DeleteObjects: 0.072893 ms)

========================================================================
Received Import Request.
  path: Assets/Scripts
  artifactKey: Guid(e5b1094747b6146948f25dc504551cce) Importer(815301076,1909f56bfc062723c751e8b465ee728b)
Start importing Assets/Scripts using Guid(e5b1094747b6146948f25dc504551cce) Importer(815301076,1909f56bfc062723c751e8b465ee728b)  -> (artifact id: '6eb9709b4fabab8309c1ab5676b72496') in 0.020475 seconds
  Import took 0.033822 seconds .

========================================================================
Received Prepare
Registering precompiled user dll's ...
Registered in 0.022221 seconds.
Begin MonoManager ReloadAssembly
Native extension for WindowsStandalone target not found
Native extension for OSXStandalone target not found
Refreshing native plugins compatible for Editor in 5.05 ms, found 1 plugins.
Preloading 0 native plugins for Editor in 0.00 ms.
Invoked RoslynAnalysisRunner static constructor.
RoslynAnalysisRunner will not be running.
RoslynAnalysisRunner has terminated.
Mono: successfully reloaded assembly
- Completed reload, in  5.952 seconds
Platform modules already initialized, skipping
Refreshing native plugins compatible for Editor in 1.13 ms, found 1 plugins.
Preloading 0 native plugins for Editor in 0.00 ms.
Unloading 1832 Unused Serialized files (Serialized files now loaded: 0)
System memory in use before: 160.9 MB.
System memory in use after: 161.0 MB.

Unloading 37 unused Assets to reduce memory usage. Loaded Objects now: 2288.
Total: 19.035351 ms (FindLiveObjects: 0.802274 ms CreateObjectMapping: 0.285228 ms MarkObjects: 17.745215 ms  DeleteObjects: 0.194361 ms)

